0 info it worked if it ends with ok
1 verbose cli [ 'node', '/usr/local/bin/npm', 'install' ]
2 info using npm@1.4.28
3 info using node@v0.10.36
4 warn package.json ambitv-web@1.0.0 No repository field.
5 warn package.json ambitv-web@1.0.0 No README data
6 verbose readDependencies using package.json deps
7 verbose install where, deps [ '/Users/jdemarks/ambitv-web',
7 verbose install   [ 'gulp',
7 verbose install     'gulp-sass',
7 verbose install     'gulp-concat',
7 verbose install     'gulp-minify-css',
7 verbose install     'gulp-rename',
7 verbose install     'bower',
7 verbose install     'gulp-util',
7 verbose install     'shelljs' ] ]
8 info preinstall ambitv-web@1.0.0
9 verbose readDependencies using package.json deps
10 verbose cache add [ 'gulp@^3.5.6', null ]
11 verbose cache add name=undefined spec="gulp@^3.5.6" args=["gulp@^3.5.6",null]
12 verbose parsed url { protocol: null,
12 verbose parsed url   slashes: null,
12 verbose parsed url   auth: null,
12 verbose parsed url   host: null,
12 verbose parsed url   port: null,
12 verbose parsed url   hostname: null,
12 verbose parsed url   hash: null,
12 verbose parsed url   search: null,
12 verbose parsed url   query: null,
12 verbose parsed url   pathname: 'gulp@^3.5.6',
12 verbose parsed url   path: 'gulp@^3.5.6',
12 verbose parsed url   href: 'gulp@^3.5.6' }
13 verbose cache add [ 'gulp-sass@^0.7.1', null ]
14 verbose cache add name=undefined spec="gulp-sass@^0.7.1" args=["gulp-sass@^0.7.1",null]
15 verbose parsed url { protocol: null,
15 verbose parsed url   slashes: null,
15 verbose parsed url   auth: null,
15 verbose parsed url   host: null,
15 verbose parsed url   port: null,
15 verbose parsed url   hostname: null,
15 verbose parsed url   hash: null,
15 verbose parsed url   search: null,
15 verbose parsed url   query: null,
15 verbose parsed url   pathname: 'gulp-sass@^0.7.1',
15 verbose parsed url   path: 'gulp-sass@^0.7.1',
15 verbose parsed url   href: 'gulp-sass@^0.7.1' }
16 verbose cache add name="gulp" spec="^3.5.6" args=["gulp","^3.5.6"]
17 verbose parsed url { protocol: null,
17 verbose parsed url   slashes: null,
17 verbose parsed url   auth: null,
17 verbose parsed url   host: null,
17 verbose parsed url   port: null,
17 verbose parsed url   hostname: null,
17 verbose parsed url   hash: null,
17 verbose parsed url   search: null,
17 verbose parsed url   query: null,
17 verbose parsed url   pathname: '^3.5.6',
17 verbose parsed url   path: '^3.5.6',
17 verbose parsed url   href: '^3.5.6' }
18 verbose addNamed [ 'gulp', '^3.5.6' ]
19 verbose addNamed [ null, '>=3.5.6-0 <4.0.0-0' ]
20 verbose cache add [ 'gulp-concat@^2.2.0', null ]
21 verbose cache add name=undefined spec="gulp-concat@^2.2.0" args=["gulp-concat@^2.2.0",null]
22 verbose parsed url { protocol: null,
22 verbose parsed url   slashes: null,
22 verbose parsed url   auth: null,
22 verbose parsed url   host: null,
22 verbose parsed url   port: null,
22 verbose parsed url   hostname: null,
22 verbose parsed url   hash: null,
22 verbose parsed url   search: null,
22 verbose parsed url   query: null,
22 verbose parsed url   pathname: 'gulp-concat@^2.2.0',
22 verbose parsed url   path: 'gulp-concat@^2.2.0',
22 verbose parsed url   href: 'gulp-concat@^2.2.0' }
23 verbose cache add [ 'gulp-minify-css@^0.3.0', null ]
24 verbose cache add name=undefined spec="gulp-minify-css@^0.3.0" args=["gulp-minify-css@^0.3.0",null]
25 verbose parsed url { protocol: null,
25 verbose parsed url   slashes: null,
25 verbose parsed url   auth: null,
25 verbose parsed url   host: null,
25 verbose parsed url   port: null,
25 verbose parsed url   hostname: null,
25 verbose parsed url   hash: null,
25 verbose parsed url   search: null,
25 verbose parsed url   query: null,
25 verbose parsed url   pathname: 'gulp-minify-css@^0.3.0',
25 verbose parsed url   path: 'gulp-minify-css@^0.3.0',
25 verbose parsed url   href: 'gulp-minify-css@^0.3.0' }
26 verbose cache add [ 'gulp-rename@^1.2.0', null ]
27 verbose cache add name=undefined spec="gulp-rename@^1.2.0" args=["gulp-rename@^1.2.0",null]
28 verbose parsed url { protocol: null,
28 verbose parsed url   slashes: null,
28 verbose parsed url   auth: null,
28 verbose parsed url   host: null,
28 verbose parsed url   port: null,
28 verbose parsed url   hostname: null,
28 verbose parsed url   hash: null,
28 verbose parsed url   search: null,
28 verbose parsed url   query: null,
28 verbose parsed url   pathname: 'gulp-rename@^1.2.0',
28 verbose parsed url   path: 'gulp-rename@^1.2.0',
28 verbose parsed url   href: 'gulp-rename@^1.2.0' }
29 verbose cache add name="gulp-sass" spec="^0.7.1" args=["gulp-sass","^0.7.1"]
30 verbose parsed url { protocol: null,
30 verbose parsed url   slashes: null,
30 verbose parsed url   auth: null,
30 verbose parsed url   host: null,
30 verbose parsed url   port: null,
30 verbose parsed url   hostname: null,
30 verbose parsed url   hash: null,
30 verbose parsed url   search: null,
30 verbose parsed url   query: null,
30 verbose parsed url   pathname: '^0.7.1',
30 verbose parsed url   path: '^0.7.1',
30 verbose parsed url   href: '^0.7.1' }
31 verbose addNamed [ 'gulp-sass', '^0.7.1' ]
32 verbose addNamed [ null, '>=0.7.1-0 <0.8.0-0' ]
33 silly lockFile 28ac0b1b-gulp-3-5-6 gulp@^3.5.6
34 verbose lock gulp@^3.5.6 /Users/jdemarks/.npm/28ac0b1b-gulp-3-5-6.lock
35 silly lockFile 77100620-gulp-sass-0-7-1 gulp-sass@^0.7.1
36 verbose lock gulp-sass@^0.7.1 /Users/jdemarks/.npm/77100620-gulp-sass-0-7-1.lock
37 verbose cache add name="gulp-concat" spec="^2.2.0" args=["gulp-concat","^2.2.0"]
38 verbose parsed url { protocol: null,
38 verbose parsed url   slashes: null,
38 verbose parsed url   auth: null,
38 verbose parsed url   host: null,
38 verbose parsed url   port: null,
38 verbose parsed url   hostname: null,
38 verbose parsed url   hash: null,
38 verbose parsed url   search: null,
38 verbose parsed url   query: null,
38 verbose parsed url   pathname: '^2.2.0',
38 verbose parsed url   path: '^2.2.0',
38 verbose parsed url   href: '^2.2.0' }
39 verbose addNamed [ 'gulp-concat', '^2.2.0' ]
40 verbose addNamed [ null, '>=2.2.0-0 <3.0.0-0' ]
41 silly lockFile bade1119-gulp-concat-2-2-0 gulp-concat@^2.2.0
42 verbose lock gulp-concat@^2.2.0 /Users/jdemarks/.npm/bade1119-gulp-concat-2-2-0.lock
43 verbose cache add name="gulp-minify-css" spec="^0.3.0" args=["gulp-minify-css","^0.3.0"]
44 verbose parsed url { protocol: null,
44 verbose parsed url   slashes: null,
44 verbose parsed url   auth: null,
44 verbose parsed url   host: null,
44 verbose parsed url   port: null,
44 verbose parsed url   hostname: null,
44 verbose parsed url   hash: null,
44 verbose parsed url   search: null,
44 verbose parsed url   query: null,
44 verbose parsed url   pathname: '^0.3.0',
44 verbose parsed url   path: '^0.3.0',
44 verbose parsed url   href: '^0.3.0' }
45 verbose addNamed [ 'gulp-minify-css', '^0.3.0' ]
46 verbose addNamed [ null, '>=0.3.0-0 <0.4.0-0' ]
47 silly lockFile 97140670-gulp-minify-css-0-3-0 gulp-minify-css@^0.3.0
48 verbose lock gulp-minify-css@^0.3.0 /Users/jdemarks/.npm/97140670-gulp-minify-css-0-3-0.lock
49 verbose cache add [ 'bower@^1.3.3', null ]
50 verbose cache add name=undefined spec="bower@^1.3.3" args=["bower@^1.3.3",null]
51 verbose parsed url { protocol: null,
51 verbose parsed url   slashes: null,
51 verbose parsed url   auth: null,
51 verbose parsed url   host: null,
51 verbose parsed url   port: null,
51 verbose parsed url   hostname: null,
51 verbose parsed url   hash: null,
51 verbose parsed url   search: null,
51 verbose parsed url   query: null,
51 verbose parsed url   pathname: 'bower@^1.3.3',
51 verbose parsed url   path: 'bower@^1.3.3',
51 verbose parsed url   href: 'bower@^1.3.3' }
52 verbose cache add [ 'gulp-util@^2.2.14', null ]
53 verbose cache add name=undefined spec="gulp-util@^2.2.14" args=["gulp-util@^2.2.14",null]
54 verbose parsed url { protocol: null,
54 verbose parsed url   slashes: null,
54 verbose parsed url   auth: null,
54 verbose parsed url   host: null,
54 verbose parsed url   port: null,
54 verbose parsed url   hostname: null,
54 verbose parsed url   hash: null,
54 verbose parsed url   search: null,
54 verbose parsed url   query: null,
54 verbose parsed url   pathname: 'gulp-util@^2.2.14',
54 verbose parsed url   path: 'gulp-util@^2.2.14',
54 verbose parsed url   href: 'gulp-util@^2.2.14' }
55 verbose cache add [ 'shelljs@^0.3.0', null ]
56 verbose cache add name=undefined spec="shelljs@^0.3.0" args=["shelljs@^0.3.0",null]
57 verbose parsed url { protocol: null,
57 verbose parsed url   slashes: null,
57 verbose parsed url   auth: null,
57 verbose parsed url   host: null,
57 verbose parsed url   port: null,
57 verbose parsed url   hostname: null,
57 verbose parsed url   hash: null,
57 verbose parsed url   search: null,
57 verbose parsed url   query: null,
57 verbose parsed url   pathname: 'shelljs@^0.3.0',
57 verbose parsed url   path: 'shelljs@^0.3.0',
57 verbose parsed url   href: 'shelljs@^0.3.0' }
58 verbose cache add name="gulp-rename" spec="^1.2.0" args=["gulp-rename","^1.2.0"]
59 verbose parsed url { protocol: null,
59 verbose parsed url   slashes: null,
59 verbose parsed url   auth: null,
59 verbose parsed url   host: null,
59 verbose parsed url   port: null,
59 verbose parsed url   hostname: null,
59 verbose parsed url   hash: null,
59 verbose parsed url   search: null,
59 verbose parsed url   query: null,
59 verbose parsed url   pathname: '^1.2.0',
59 verbose parsed url   path: '^1.2.0',
59 verbose parsed url   href: '^1.2.0' }
60 verbose addNamed [ 'gulp-rename', '^1.2.0' ]
61 verbose addNamed [ null, '>=1.2.0-0 <2.0.0-0' ]
62 silly lockFile 31cef36d-gulp-rename-1-2-0 gulp-rename@^1.2.0
63 verbose lock gulp-rename@^1.2.0 /Users/jdemarks/.npm/31cef36d-gulp-rename-1-2-0.lock
64 verbose cache add name="bower" spec="^1.3.3" args=["bower","^1.3.3"]
65 verbose parsed url { protocol: null,
65 verbose parsed url   slashes: null,
65 verbose parsed url   auth: null,
65 verbose parsed url   host: null,
65 verbose parsed url   port: null,
65 verbose parsed url   hostname: null,
65 verbose parsed url   hash: null,
65 verbose parsed url   search: null,
65 verbose parsed url   query: null,
65 verbose parsed url   pathname: '^1.3.3',
65 verbose parsed url   path: '^1.3.3',
65 verbose parsed url   href: '^1.3.3' }
66 verbose addNamed [ 'bower', '^1.3.3' ]
67 verbose addNamed [ null, '>=1.3.3-0 <2.0.0-0' ]
68 silly lockFile 0aa5c27e-bower-1-3-3 bower@^1.3.3
69 verbose lock bower@^1.3.3 /Users/jdemarks/.npm/0aa5c27e-bower-1-3-3.lock
70 verbose cache add name="gulp-util" spec="^2.2.14" args=["gulp-util","^2.2.14"]
71 verbose parsed url { protocol: null,
71 verbose parsed url   slashes: null,
71 verbose parsed url   auth: null,
71 verbose parsed url   host: null,
71 verbose parsed url   port: null,
71 verbose parsed url   hostname: null,
71 verbose parsed url   hash: null,
71 verbose parsed url   search: null,
71 verbose parsed url   query: null,
71 verbose parsed url   pathname: '^2.2.14',
71 verbose parsed url   path: '^2.2.14',
71 verbose parsed url   href: '^2.2.14' }
72 verbose addNamed [ 'gulp-util', '^2.2.14' ]
73 verbose addNamed [ null, '>=2.2.14-0 <3.0.0-0' ]
74 silly lockFile e3e5f16b-gulp-util-2-2-14 gulp-util@^2.2.14
75 verbose lock gulp-util@^2.2.14 /Users/jdemarks/.npm/e3e5f16b-gulp-util-2-2-14.lock
76 verbose cache add name="shelljs" spec="^0.3.0" args=["shelljs","^0.3.0"]
77 verbose parsed url { protocol: null,
77 verbose parsed url   slashes: null,
77 verbose parsed url   auth: null,
77 verbose parsed url   host: null,
77 verbose parsed url   port: null,
77 verbose parsed url   hostname: null,
77 verbose parsed url   hash: null,
77 verbose parsed url   search: null,
77 verbose parsed url   query: null,
77 verbose parsed url   pathname: '^0.3.0',
77 verbose parsed url   path: '^0.3.0',
77 verbose parsed url   href: '^0.3.0' }
78 verbose addNamed [ 'shelljs', '^0.3.0' ]
79 verbose addNamed [ null, '>=0.3.0-0 <0.4.0-0' ]
80 silly lockFile 1ddaa962-shelljs-0-3-0 shelljs@^0.3.0
81 verbose lock shelljs@^0.3.0 /Users/jdemarks/.npm/1ddaa962-shelljs-0-3-0.lock
82 silly addNameRange { name: 'gulp', range: '>=3.5.6-0 <4.0.0-0', hasData: false }
83 silly addNameRange { name: 'gulp-sass',
83 silly addNameRange   range: '>=0.7.1-0 <0.8.0-0',
83 silly addNameRange   hasData: false }
84 silly addNameRange { name: 'gulp-concat',
84 silly addNameRange   range: '>=2.2.0-0 <3.0.0-0',
84 silly addNameRange   hasData: false }
85 silly addNameRange { name: 'gulp-minify-css',
85 silly addNameRange   range: '>=0.3.0-0 <0.4.0-0',
85 silly addNameRange   hasData: false }
86 verbose request where is /gulp
87 verbose request registry https://registry.npmjs.org/
88 verbose request id 82fc0d3c036a1d71
89 verbose url raw /gulp
90 verbose url resolving [ 'https://registry.npmjs.org/', './gulp' ]
91 verbose url resolved https://registry.npmjs.org/gulp
92 verbose request where is https://registry.npmjs.org/gulp
93 info trying registry request attempt 1 at 09:32:22
94 http GET https://registry.npmjs.org/gulp
95 verbose request where is /gulp-sass
96 verbose request registry https://registry.npmjs.org/
97 verbose url raw /gulp-sass
98 verbose url resolving [ 'https://registry.npmjs.org/', './gulp-sass' ]
99 verbose url resolved https://registry.npmjs.org/gulp-sass
100 verbose request where is https://registry.npmjs.org/gulp-sass
101 info trying registry request attempt 1 at 09:32:22
102 http GET https://registry.npmjs.org/gulp-sass
103 verbose request where is /gulp-concat
104 verbose request registry https://registry.npmjs.org/
105 verbose url raw /gulp-concat
106 verbose url resolving [ 'https://registry.npmjs.org/', './gulp-concat' ]
107 verbose url resolved https://registry.npmjs.org/gulp-concat
108 verbose request where is https://registry.npmjs.org/gulp-concat
109 info trying registry request attempt 1 at 09:32:22
110 http GET https://registry.npmjs.org/gulp-concat
111 verbose request where is /gulp-minify-css
112 verbose request registry https://registry.npmjs.org/
113 verbose url raw /gulp-minify-css
114 verbose url resolving [ 'https://registry.npmjs.org/', './gulp-minify-css' ]
115 verbose url resolved https://registry.npmjs.org/gulp-minify-css
116 verbose request where is https://registry.npmjs.org/gulp-minify-css
117 info trying registry request attempt 1 at 09:32:22
118 http GET https://registry.npmjs.org/gulp-minify-css
119 silly addNameRange { name: 'gulp-rename',
119 silly addNameRange   range: '>=1.2.0-0 <2.0.0-0',
119 silly addNameRange   hasData: false }
120 silly addNameRange { name: 'bower', range: '>=1.3.3-0 <2.0.0-0', hasData: false }
121 silly addNameRange { name: 'gulp-util',
121 silly addNameRange   range: '>=2.2.14-0 <3.0.0-0',
121 silly addNameRange   hasData: false }
122 silly addNameRange { name: 'shelljs', range: '>=0.3.0-0 <0.4.0-0', hasData: false }
123 verbose request where is /gulp-rename
124 verbose request registry https://registry.npmjs.org/
125 verbose url raw /gulp-rename
126 verbose url resolving [ 'https://registry.npmjs.org/', './gulp-rename' ]
127 verbose url resolved https://registry.npmjs.org/gulp-rename
128 verbose request where is https://registry.npmjs.org/gulp-rename
129 info trying registry request attempt 1 at 09:32:22
130 http GET https://registry.npmjs.org/gulp-rename
131 verbose request where is /bower
132 verbose request registry https://registry.npmjs.org/
133 verbose url raw /bower
134 verbose url resolving [ 'https://registry.npmjs.org/', './bower' ]
135 verbose url resolved https://registry.npmjs.org/bower
136 verbose request where is https://registry.npmjs.org/bower
137 info trying registry request attempt 1 at 09:32:22
138 http GET https://registry.npmjs.org/bower
139 verbose request where is /gulp-util
140 verbose request registry https://registry.npmjs.org/
141 verbose url raw /gulp-util
142 verbose url resolving [ 'https://registry.npmjs.org/', './gulp-util' ]
143 verbose url resolved https://registry.npmjs.org/gulp-util
144 verbose request where is https://registry.npmjs.org/gulp-util
145 info trying registry request attempt 1 at 09:32:22
146 http GET https://registry.npmjs.org/gulp-util
147 verbose request where is /shelljs
148 verbose request registry https://registry.npmjs.org/
149 verbose url raw /shelljs
150 verbose url resolving [ 'https://registry.npmjs.org/', './shelljs' ]
151 verbose url resolved https://registry.npmjs.org/shelljs
152 verbose request where is https://registry.npmjs.org/shelljs
153 info trying registry request attempt 1 at 09:32:22
154 verbose etag "JVDTNWQ7Y2MX7E887YMRSWA"
155 http GET https://registry.npmjs.org/shelljs
156 http 200 https://registry.npmjs.org/gulp-rename
157 silly registry.get cb [ 200,
157 silly registry.get   { date: 'Sun, 01 Feb 2015 14:32:22 GMT',
157 silly registry.get     server: 'CouchDB/1.5.0 (Erlang OTP/R16B03)',
157 silly registry.get     etag: '"7VAXU9J07FTO44OQG5CEOYFI8"',
157 silly registry.get     'content-type': 'application/json',
157 silly registry.get     'cache-control': 'max-age=60',
157 silly registry.get     'content-length': '10036',
157 silly registry.get     'accept-ranges': 'bytes',
157 silly registry.get     via: '1.1 varnish',
157 silly registry.get     age: '0',
157 silly registry.get     'x-served-by': 'cache-jfk1026-JFK',
157 silly registry.get     'x-cache': 'HIT',
157 silly registry.get     'x-cache-hits': '1',
157 silly registry.get     'x-timer': 'S1422801142.279393,VS0,VE13',
157 silly registry.get     vary: 'Accept',
157 silly registry.get     'keep-alive': 'timeout=10, max=50',
157 silly registry.get     connection: 'Keep-Alive' } ]
158 silly addNameRange number 2 { name: 'gulp-rename',
158 silly addNameRange   range: '>=1.2.0-0 <2.0.0-0',
158 silly addNameRange   hasData: true }
159 silly addNameRange versions [ 'gulp-rename',
159 silly addNameRange   [ '0.1.0', '0.2.1', '0.2.2', '1.0.0', '1.1.0', '1.2.0' ] ]
160 verbose addNamed [ 'gulp-rename', '1.2.0' ]
161 verbose addNamed [ '1.2.0', '1.2.0' ]
162 silly lockFile 5981c611-gulp-rename-1-2-0 gulp-rename@1.2.0
163 verbose lock gulp-rename@1.2.0 /Users/jdemarks/.npm/5981c611-gulp-rename-1-2-0.lock
164 silly lockFile b4be9a05-ulp-rename-gulp-rename-1-2-0-tgz https://registry.npmjs.org/gulp-rename/-/gulp-rename-1.2.0.tgz
165 verbose lock https://registry.npmjs.org/gulp-rename/-/gulp-rename-1.2.0.tgz /Users/jdemarks/.npm/b4be9a05-ulp-rename-gulp-rename-1-2-0-tgz.lock
166 verbose addRemoteTarball [ 'https://registry.npmjs.org/gulp-rename/-/gulp-rename-1.2.0.tgz',
166 verbose addRemoteTarball   '060394a09b085cf5d46fc48acdc5657f8fee9e4e' ]
167 info retry fetch attempt 1 at 09:32:22
168 verbose fetch to= /var/folders/_b/jp06rt2s3yq0_c9rzgxzlfz40000gp/T/npm-14812-Y6azx_Tg/registry.npmjs.org/gulp-rename/-/gulp-rename-1.2.0.tgz
169 http GET https://registry.npmjs.org/gulp-rename/-/gulp-rename-1.2.0.tgz
170 http 200 https://registry.npmjs.org/gulp-minify-css
171 silly registry.get cb [ 200,
171 silly registry.get   { date: 'Sun, 01 Feb 2015 14:32:22 GMT',
171 silly registry.get     server: 'CouchDB/1.5.0 (Erlang OTP/R16B03)',
171 silly registry.get     etag: '"CFL5C4ETWMG30Q0TFS9D0UJ7W"',
171 silly registry.get     'content-type': 'application/json',
171 silly registry.get     'cache-control': 'max-age=60',
171 silly registry.get     'content-length': '32184',
171 silly registry.get     'accept-ranges': 'bytes',
171 silly registry.get     via: '1.1 varnish',
171 silly registry.get     age: '0',
171 silly registry.get     'x-served-by': 'cache-jfk1026-JFK',
171 silly registry.get     'x-cache': 'HIT',
171 silly registry.get     'x-cache-hits': '1',
171 silly registry.get     'x-timer': 'S1422801142.273959,VS0,VE74',
171 silly registry.get     vary: 'Accept',
171 silly registry.get     'keep-alive': 'timeout=10, max=50',
171 silly registry.get     connection: 'Keep-Alive' } ]
172 silly addNameRange number 2 { name: 'gulp-minify-css',
172 silly addNameRange   range: '>=0.3.0-0 <0.4.0-0',
172 silly addNameRange   hasData: true }
173 silly addNameRange versions [ 'gulp-minify-css',
173 silly addNameRange   [ '0.0.1',
173 silly addNameRange     '0.1.0',
173 silly addNameRange     '0.2.0',
173 silly addNameRange     '0.3.0',
173 silly addNameRange     '0.3.1',
173 silly addNameRange     '0.3.2',
173 silly addNameRange     '0.3.3',
173 silly addNameRange     '0.3.4',
173 silly addNameRange     '0.3.5',
173 silly addNameRange     '0.3.6',
173 silly addNameRange     '0.3.7',
173 silly addNameRange     '0.3.8',
173 silly addNameRange     '0.3.9',
173 silly addNameRange     '0.3.10',
173 silly addNameRange     '0.3.11',
173 silly addNameRange     '0.3.12',
173 silly addNameRange     '0.3.13',
173 silly addNameRange     '0.4.0',
173 silly addNameRange     '0.4.1',
173 silly addNameRange     '0.4.2',
173 silly addNameRange     '0.4.3' ] ]
174 verbose addNamed [ 'gulp-minify-css', '0.3.13' ]
175 verbose addNamed [ '0.3.13', '0.3.13' ]
176 silly lockFile 9038a954-gulp-minify-css-0-3-13 gulp-minify-css@0.3.13
177 verbose lock gulp-minify-css@0.3.13 /Users/jdemarks/.npm/9038a954-gulp-minify-css-0-3-13.lock
178 silly lockFile 8781e9f5-y-css-gulp-minify-css-0-3-13-tgz https://registry.npmjs.org/gulp-minify-css/-/gulp-minify-css-0.3.13.tgz
179 verbose lock https://registry.npmjs.org/gulp-minify-css/-/gulp-minify-css-0.3.13.tgz /Users/jdemarks/.npm/8781e9f5-y-css-gulp-minify-css-0-3-13-tgz.lock
180 http 200 https://registry.npmjs.org/gulp-concat
181 silly registry.get cb [ 200,
181 silly registry.get   { date: 'Sun, 01 Feb 2015 14:32:22 GMT',
181 silly registry.get     server: 'CouchDB/1.6.1 (Erlang OTP/R14B04)',
181 silly registry.get     etag: '"9HU90HMVIP9Q0J3VDD61QP3LV"',
181 silly registry.get     'content-type': 'application/json',
181 silly registry.get     'cache-control': 'max-age=60',
181 silly registry.get     'content-length': '30433',
181 silly registry.get     'accept-ranges': 'bytes',
181 silly registry.get     via: '1.1 varnish',
181 silly registry.get     age: '0',
181 silly registry.get     'x-served-by': 'cache-jfk1024-JFK',
181 silly registry.get     'x-cache': 'HIT',
181 silly registry.get     'x-cache-hits': '1',
181 silly registry.get     'x-timer': 'S1422801142.279974,VS0,VE76',
181 silly registry.get     vary: 'Accept',
181 silly registry.get     'keep-alive': 'timeout=10, max=50',
181 silly registry.get     connection: 'Keep-Alive' } ]
182 verbose addRemoteTarball [ 'https://registry.npmjs.org/gulp-minify-css/-/gulp-minify-css-0.3.13.tgz',
182 verbose addRemoteTarball   'ba813c665422868305383ccd185f239c1e35209b' ]
183 http 200 https://registry.npmjs.org/gulp-sass
184 silly registry.get cb [ 200,
184 silly registry.get   { date: 'Sun, 01 Feb 2015 14:32:22 GMT',
184 silly registry.get     server: 'CouchDB/1.6.1 (Erlang OTP/R14B04)',
184 silly registry.get     etag: '"3S4Z744UQ0E38Z6I84G2JN6VO"',
184 silly registry.get     'content-type': 'application/json',
184 silly registry.get     'cache-control': 'max-age=60',
184 silly registry.get     'content-length': '30638',
184 silly registry.get     'accept-ranges': 'bytes',
184 silly registry.get     via: '1.1 varnish',
184 silly registry.get     age: '0',
184 silly registry.get     'x-served-by': 'cache-jfk1032-JFK',
184 silly registry.get     'x-cache': 'HIT',
184 silly registry.get     'x-cache-hits': '1',
184 silly registry.get     'x-timer': 'S1422801142.279232,VS0,VE77',
184 silly registry.get     vary: 'Accept',
184 silly registry.get     'keep-alive': 'timeout=10, max=50',
184 silly registry.get     connection: 'Keep-Alive' } ]
185 info retry fetch attempt 1 at 09:32:22
186 verbose fetch to= /var/folders/_b/jp06rt2s3yq0_c9rzgxzlfz40000gp/T/npm-14812-Y6azx_Tg/registry.npmjs.org/gulp-minify-css/-/gulp-minify-css-0.3.13.tgz
187 http GET https://registry.npmjs.org/gulp-minify-css/-/gulp-minify-css-0.3.13.tgz
188 silly addNameRange number 2 { name: 'gulp-concat',
188 silly addNameRange   range: '>=2.2.0-0 <3.0.0-0',
188 silly addNameRange   hasData: true }
189 silly addNameRange versions [ 'gulp-concat',
189 silly addNameRange   [ '0.0.1',
189 silly addNameRange     '1.0.0',
189 silly addNameRange     '1.1.0',
189 silly addNameRange     '2.0.0',
189 silly addNameRange     '2.1.0',
189 silly addNameRange     '2.1.1',
189 silly addNameRange     '2.1.2',
189 silly addNameRange     '2.1.3',
189 silly addNameRange     '2.1.4',
189 silly addNameRange     '2.1.5',
189 silly addNameRange     '2.1.6',
189 silly addNameRange     '2.1.7',
189 silly addNameRange     '2.2.0',
189 silly addNameRange     '2.3.0',
189 silly addNameRange     '2.3.3',
189 silly addNameRange     '2.3.4',
189 silly addNameRange     '2.3.5',
189 silly addNameRange     '2.4.0',
189 silly addNameRange     '2.4.1',
189 silly addNameRange     '2.4.2',
189 silly addNameRange     '2.4.3' ] ]
190 verbose addNamed [ 'gulp-concat', '2.4.3' ]
191 verbose addNamed [ '2.4.3', '2.4.3' ]
192 silly lockFile 07935a45-gulp-concat-2-4-3 gulp-concat@2.4.3
193 verbose lock gulp-concat@2.4.3 /Users/jdemarks/.npm/07935a45-gulp-concat-2-4-3.lock
194 silly addNameRange number 2 { name: 'gulp-sass', range: '>=0.7.1-0 <0.8.0-0', hasData: true }
195 silly addNameRange versions [ 'gulp-sass',
195 silly addNameRange   [ '0.1.0',
195 silly addNameRange     '0.2.1',
195 silly addNameRange     '0.2.2',
195 silly addNameRange     '0.2.3',
195 silly addNameRange     '0.3.0',
195 silly addNameRange     '0.4.0',
195 silly addNameRange     '0.4.1',
195 silly addNameRange     '0.5.0',
195 silly addNameRange     '0.5.1',
195 silly addNameRange     '0.5.2',
195 silly addNameRange     '0.6.0',
195 silly addNameRange     '0.7.0',
195 silly addNameRange     '0.7.1',
195 silly addNameRange     '0.7.2',
195 silly addNameRange     '0.7.3',
195 silly addNameRange     '1.0.0',
195 silly addNameRange     '1.1.0',
195 silly addNameRange     '1.2.0',
195 silly addNameRange     '1.2.1',
195 silly addNameRange     '1.2.2',
195 silly addNameRange     '1.2.3',
195 silly addNameRange     '1.2.4',
195 silly addNameRange     '1.3.0',
195 silly addNameRange     '1.3.1',
195 silly addNameRange     '1.3.2' ] ]
196 verbose addNamed [ 'gulp-sass', '0.7.3' ]
197 verbose addNamed [ '0.7.3', '0.7.3' ]
198 silly lockFile 721f0c96-gulp-sass-0-7-3 gulp-sass@0.7.3
199 verbose lock gulp-sass@0.7.3 /Users/jdemarks/.npm/721f0c96-gulp-sass-0-7-3.lock
200 silly lockFile ed610d0c-ulp-concat-gulp-concat-2-4-3-tgz https://registry.npmjs.org/gulp-concat/-/gulp-concat-2.4.3.tgz
201 verbose lock https://registry.npmjs.org/gulp-concat/-/gulp-concat-2.4.3.tgz /Users/jdemarks/.npm/ed610d0c-ulp-concat-gulp-concat-2-4-3-tgz.lock
202 verbose addRemoteTarball [ 'https://registry.npmjs.org/gulp-concat/-/gulp-concat-2.4.3.tgz',
202 verbose addRemoteTarball   'dd913c3773b02f9dfb3f70e30215dc07a5cf32f7' ]
203 silly lockFile d66f14f4-rg-gulp-sass-gulp-sass-0-7-3-tgz https://registry.npmjs.org/gulp-sass/-/gulp-sass-0.7.3.tgz
204 verbose lock https://registry.npmjs.org/gulp-sass/-/gulp-sass-0.7.3.tgz /Users/jdemarks/.npm/d66f14f4-rg-gulp-sass-gulp-sass-0-7-3-tgz.lock
205 verbose addRemoteTarball [ 'https://registry.npmjs.org/gulp-sass/-/gulp-sass-0.7.3.tgz',
205 verbose addRemoteTarball   '4bfbb4e4d95a40be8beeebe07e8e477e7f7a2edc' ]
206 info retry fetch attempt 1 at 09:32:22
207 verbose fetch to= /var/folders/_b/jp06rt2s3yq0_c9rzgxzlfz40000gp/T/npm-14812-Y6azx_Tg/registry.npmjs.org/gulp-concat/-/gulp-concat-2.4.3.tgz
208 http GET https://registry.npmjs.org/gulp-concat/-/gulp-concat-2.4.3.tgz
209 info retry fetch attempt 1 at 09:32:22
210 verbose fetch to= /var/folders/_b/jp06rt2s3yq0_c9rzgxzlfz40000gp/T/npm-14812-Y6azx_Tg/registry.npmjs.org/gulp-sass/-/gulp-sass-0.7.3.tgz
211 http GET https://registry.npmjs.org/gulp-sass/-/gulp-sass-0.7.3.tgz
212 http 304 https://registry.npmjs.org/shelljs
213 silly registry.get cb [ 304,
213 silly registry.get   { date: 'Sun, 01 Feb 2015 14:32:22 GMT',
213 silly registry.get     server: 'Apache',
213 silly registry.get     via: '1.1 varnish',
213 silly registry.get     'last-modified': 'Sun, 01 Feb 2015 14:32:22 GMT',
213 silly registry.get     'cache-control': 'max-age=60',
213 silly registry.get     etag: '"JVDTNWQ7Y2MX7E887YMRSWA"',
213 silly registry.get     age: '42',
213 silly registry.get     'x-served-by': 'cache-jfk1024-JFK',
213 silly registry.get     'x-cache': 'HIT',
213 silly registry.get     'x-cache-hits': '1',
213 silly registry.get     'x-timer': 'S1422801142.449182,VS0,VE0',
213 silly registry.get     vary: 'Accept',
213 silly registry.get     'content-length': '0',
213 silly registry.get     'keep-alive': 'timeout=10, max=49',
213 silly registry.get     connection: 'Keep-Alive' } ]
214 verbose etag https://registry.npmjs.org/shelljs from cache
215 silly addNameRange number 2 { name: 'shelljs', range: '>=0.3.0-0 <0.4.0-0', hasData: true }
216 silly addNameRange versions [ 'shelljs',
216 silly addNameRange   [ '0.0.1',
216 silly addNameRange     '0.0.2',
216 silly addNameRange     '0.0.3',
216 silly addNameRange     '0.0.4',
216 silly addNameRange     '0.0.5',
216 silly addNameRange     '0.0.6',
216 silly addNameRange     '0.0.7',
216 silly addNameRange     '0.0.8',
216 silly addNameRange     '0.0.9',
216 silly addNameRange     '0.1.0',
216 silly addNameRange     '0.1.1',
216 silly addNameRange     '0.1.2',
216 silly addNameRange     '0.1.3',
216 silly addNameRange     '0.1.4',
216 silly addNameRange     '0.2.0',
216 silly addNameRange     '0.2.1',
216 silly addNameRange     '0.2.2',
216 silly addNameRange     '0.2.3',
216 silly addNameRange     '0.2.4',
216 silly addNameRange     '0.2.5',
216 silly addNameRange     '0.2.6',
216 silly addNameRange     '0.3.0',
216 silly addNameRange     '0.0.1-alpha1',
216 silly addNameRange     '0.0.2-pre1',
216 silly addNameRange     '0.0.4-pre1',
216 silly addNameRange     '0.0.5-pre1',
216 silly addNameRange     '0.0.5-pre2',
216 silly addNameRange     '0.0.5-pre3',
216 silly addNameRange     '0.0.5-pre4',
216 silly addNameRange     '0.0.6-pre1',
216 silly addNameRange     '0.0.6-pre2' ] ]
217 verbose addNamed [ 'shelljs', '0.3.0' ]
218 verbose addNamed [ '0.3.0', '0.3.0' ]
219 silly lockFile 7d3918b1-shelljs-0-3-0 shelljs@0.3.0
220 verbose lock shelljs@0.3.0 /Users/jdemarks/.npm/7d3918b1-shelljs-0-3-0.lock
221 silly lockFile 7d3918b1-shelljs-0-3-0 shelljs@0.3.0
222 silly lockFile 7d3918b1-shelljs-0-3-0 shelljs@0.3.0
223 silly lockFile 1ddaa962-shelljs-0-3-0 shelljs@^0.3.0
224 silly lockFile 1ddaa962-shelljs-0-3-0 shelljs@^0.3.0
225 http 200 https://registry.npmjs.org/gulp-rename/-/gulp-rename-1.2.0.tgz
226 silly lockFile b4be9a05-ulp-rename-gulp-rename-1-2-0-tgz https://registry.npmjs.org/gulp-rename/-/gulp-rename-1.2.0.tgz
227 silly lockFile b4be9a05-ulp-rename-gulp-rename-1-2-0-tgz https://registry.npmjs.org/gulp-rename/-/gulp-rename-1.2.0.tgz
228 silly lockFile 5981c611-gulp-rename-1-2-0 gulp-rename@1.2.0
229 silly lockFile 5981c611-gulp-rename-1-2-0 gulp-rename@1.2.0
230 silly lockFile 31cef36d-gulp-rename-1-2-0 gulp-rename@^1.2.0
231 silly lockFile 31cef36d-gulp-rename-1-2-0 gulp-rename@^1.2.0
232 http 200 https://registry.npmjs.org/gulp
233 silly registry.get cb [ 200,
233 silly registry.get   { date: 'Sun, 01 Feb 2015 14:32:22 GMT',
233 silly registry.get     server: 'CouchDB/1.5.0 (Erlang OTP/R16B03)',
233 silly registry.get     etag: '"ERMYKFGMKMUF6LKYRCW8W8TLE"',
233 silly registry.get     'content-type': 'application/json',
233 silly registry.get     'cache-control': 'max-age=60',
233 silly registry.get     'content-length': '97306',
233 silly registry.get     'accept-ranges': 'bytes',
233 silly registry.get     via: '1.1 varnish',
233 silly registry.get     age: '0',
233 silly registry.get     'x-served-by': 'cache-jfk1034-JFK',
233 silly registry.get     'x-cache': 'HIT',
233 silly registry.get     'x-cache-hits': '1',
233 silly registry.get     'x-timer': 'S1422801142.278982,VS0,VE81',
233 silly registry.get     vary: 'Accept',
233 silly registry.get     'keep-alive': 'timeout=10, max=50',
233 silly registry.get     connection: 'Keep-Alive' } ]
234 silly addNameRange number 2 { name: 'gulp', range: '>=3.5.6-0 <4.0.0-0', hasData: true }
235 silly addNameRange versions [ 'gulp',
235 silly addNameRange   [ '0.0.1',
235 silly addNameRange     '0.0.2',
235 silly addNameRange     '0.0.3',
235 silly addNameRange     '0.0.4',
235 silly addNameRange     '0.0.5',
235 silly addNameRange     '0.0.7',
235 silly addNameRange     '0.0.8',
235 silly addNameRange     '0.0.9',
235 silly addNameRange     '0.1.0',
235 silly addNameRange     '0.2.0',
235 silly addNameRange     '1.0.0',
235 silly addNameRange     '1.1.0',
235 silly addNameRange     '1.2.0',
235 silly addNameRange     '1.2.1',
235 silly addNameRange     '2.0.0',
235 silly addNameRange     '2.0.1',
235 silly addNameRange     '2.1.0',
235 silly addNameRange     '2.2.0',
235 silly addNameRange     '2.3.0',
235 silly addNameRange     '2.4.0',
235 silly addNameRange     '2.4.1',
235 silly addNameRange     '2.6.0',
235 silly addNameRange     '2.6.1',
235 silly addNameRange     '2.7.0',
235 silly addNameRange     '3.0.0',
235 silly addNameRange     '3.1.1',
235 silly addNameRange     '3.1.2',
235 silly addNameRange     '3.1.3',
235 silly addNameRange     '3.1.4',
235 silly addNameRange     '3.2.0',
235 silly addNameRange     '3.2.1',
235 silly addNameRange     '3.2.2',
235 silly addNameRange     '3.2.3',
235 silly addNameRange     '3.2.4',
235 silly addNameRange     '3.2.5',
235 silly addNameRange     '3.3.0',
235 silly addNameRange     '3.3.1',
235 silly addNameRange     '3.3.2',
235 silly addNameRange     '3.3.4',
235 silly addNameRange     '3.4.0',
235 silly addNameRange     '3.5.0',
235 silly addNameRange     '3.5.1',
235 silly addNameRange     '3.5.2',
235 silly addNameRange     '3.5.5',
235 silly addNameRange     '3.5.6',
235 silly addNameRange     '3.6.0',
235 silly addNameRange     '3.6.1',
235 silly addNameRange     '3.6.2',
235 silly addNameRange     '3.7.0',
235 silly addNameRange     '3.8.0',
235 silly addNameRange     '3.8.1',
235 silly addNameRange     '3.8.2',
235 silly addNameRange     '3.8.3',
235 silly addNameRange     '3.8.4',
235 silly addNameRange     '3.8.5',
235 silly addNameRange     '3.8.6',
235 silly addNameRange     '3.8.7',
235 silly addNameRange     '3.8.8',
235 silly addNameRange     '3.8.9',
235 silly addNameRange     '3.8.10' ] ]
236 verbose addNamed [ 'gulp', '3.8.10' ]
237 verbose addNamed [ '3.8.10', '3.8.10' ]
238 silly lockFile f843d0d7-gulp-3-8-10 gulp@3.8.10
239 verbose lock gulp@3.8.10 /Users/jdemarks/.npm/f843d0d7-gulp-3-8-10.lock
240 silly lockFile b3287162-y-npmjs-org-gulp-gulp-3-8-10-tgz https://registry.npmjs.org/gulp/-/gulp-3.8.10.tgz
241 verbose lock https://registry.npmjs.org/gulp/-/gulp-3.8.10.tgz /Users/jdemarks/.npm/b3287162-y-npmjs-org-gulp-gulp-3-8-10-tgz.lock
242 verbose addRemoteTarball [ 'https://registry.npmjs.org/gulp/-/gulp-3.8.10.tgz',
242 verbose addRemoteTarball   'bfb8fc156be97820f02a7f8b3af61a86666f9e31' ]
243 info retry fetch attempt 1 at 09:32:22
244 verbose fetch to= /var/folders/_b/jp06rt2s3yq0_c9rzgxzlfz40000gp/T/npm-14812-Y6azx_Tg/registry.npmjs.org/gulp/-/gulp-3.8.10.tgz
245 http GET https://registry.npmjs.org/gulp/-/gulp-3.8.10.tgz
246 http 200 https://registry.npmjs.org/gulp-util
247 silly registry.get cb [ 200,
247 silly registry.get   { date: 'Sun, 01 Feb 2015 14:32:22 GMT',
247 silly registry.get     server: 'CouchDB/1.5.0 (Erlang OTP/R16B03)',
247 silly registry.get     etag: '"5PB4M5FZLP8U0QQW2G5OL9UW1"',
247 silly registry.get     'content-type': 'application/json',
247 silly registry.get     'cache-control': 'max-age=60',
247 silly registry.get     'content-length': '51629',
247 silly registry.get     'accept-ranges': 'bytes',
247 silly registry.get     via: '1.1 varnish',
247 silly registry.get     age: '0',
247 silly registry.get     'x-served-by': 'cache-jfk1026-JFK',
247 silly registry.get     'x-cache': 'HIT',
247 silly registry.get     'x-cache-hits': '1',
247 silly registry.get     'x-timer': 'S1422801142.437559,VS0,VE72',
247 silly registry.get     vary: 'Accept',
247 silly registry.get     'keep-alive': 'timeout=10, max=49',
247 silly registry.get     connection: 'Keep-Alive' } ]
248 silly addNameRange number 2 { name: 'gulp-util',
248 silly addNameRange   range: '>=2.2.14-0 <3.0.0-0',
248 silly addNameRange   hasData: true }
249 silly addNameRange versions [ 'gulp-util',
249 silly addNameRange   [ '0.0.1',
249 silly addNameRange     '1.0.0',
249 silly addNameRange     '1.1.0',
249 silly addNameRange     '1.1.1',
249 silly addNameRange     '1.2.0',
249 silly addNameRange     '1.3.0',
249 silly addNameRange     '2.0.0',
249 silly addNameRange     '2.1.1',
249 silly addNameRange     '2.1.2',
249 silly addNameRange     '2.1.3',
249 silly addNameRange     '2.1.4',
249 silly addNameRange     '2.2.0',
249 silly addNameRange     '2.2.1',
249 silly addNameRange     '2.2.2',
249 silly addNameRange     '2.2.3',
249 silly addNameRange     '2.2.5',
249 silly addNameRange     '2.2.6',
249 silly addNameRange     '2.2.7',
249 silly addNameRange     '2.2.8',
249 silly addNameRange     '2.2.9',
249 silly addNameRange     '2.2.10',
249 silly addNameRange     '2.2.11',
249 silly addNameRange     '2.2.12',
249 silly addNameRange     '2.2.13',
249 silly addNameRange     '2.2.14',
249 silly addNameRange     '2.2.15',
249 silly addNameRange     '2.2.16',
249 silly addNameRange     '2.2.17',
249 silly addNameRange     '2.2.18',
249 silly addNameRange     '2.2.19',
249 silly addNameRange     '2.2.20',
249 silly addNameRange     '3.0.0',
249 silly addNameRange     '3.0.1',
249 silly addNameRange     '3.0.2' ] ]
250 verbose addNamed [ 'gulp-util', '2.2.20' ]
251 verbose addNamed [ '2.2.20', '2.2.20' ]
252 silly lockFile 48c194cb-gulp-util-2-2-20 gulp-util@2.2.20
253 verbose lock gulp-util@2.2.20 /Users/jdemarks/.npm/48c194cb-gulp-util-2-2-20.lock
254 http 200 https://registry.npmjs.org/gulp-minify-css/-/gulp-minify-css-0.3.13.tgz
255 silly lockFile 34166e88-g-gulp-util-gulp-util-2-2-20-tgz https://registry.npmjs.org/gulp-util/-/gulp-util-2.2.20.tgz
256 verbose lock https://registry.npmjs.org/gulp-util/-/gulp-util-2.2.20.tgz /Users/jdemarks/.npm/34166e88-g-gulp-util-gulp-util-2-2-20-tgz.lock
257 verbose addRemoteTarball [ 'https://registry.npmjs.org/gulp-util/-/gulp-util-2.2.20.tgz',
257 verbose addRemoteTarball   'd7146e5728910bd8f047a6b0b1e549bc22dbd64c' ]
258 info retry fetch attempt 1 at 09:32:22
259 verbose fetch to= /var/folders/_b/jp06rt2s3yq0_c9rzgxzlfz40000gp/T/npm-14812-Y6azx_Tg/registry.npmjs.org/gulp-util/-/gulp-util-2.2.20.tgz
260 http GET https://registry.npmjs.org/gulp-util/-/gulp-util-2.2.20.tgz
261 silly lockFile 8781e9f5-y-css-gulp-minify-css-0-3-13-tgz https://registry.npmjs.org/gulp-minify-css/-/gulp-minify-css-0.3.13.tgz
262 silly lockFile 8781e9f5-y-css-gulp-minify-css-0-3-13-tgz https://registry.npmjs.org/gulp-minify-css/-/gulp-minify-css-0.3.13.tgz
263 silly lockFile 9038a954-gulp-minify-css-0-3-13 gulp-minify-css@0.3.13
264 silly lockFile 9038a954-gulp-minify-css-0-3-13 gulp-minify-css@0.3.13
265 silly lockFile 97140670-gulp-minify-css-0-3-0 gulp-minify-css@^0.3.0
266 silly lockFile 97140670-gulp-minify-css-0-3-0 gulp-minify-css@^0.3.0
267 http 200 https://registry.npmjs.org/gulp-concat/-/gulp-concat-2.4.3.tgz
268 http 200 https://registry.npmjs.org/gulp-sass/-/gulp-sass-0.7.3.tgz
269 silly lockFile ed610d0c-ulp-concat-gulp-concat-2-4-3-tgz https://registry.npmjs.org/gulp-concat/-/gulp-concat-2.4.3.tgz
270 silly lockFile ed610d0c-ulp-concat-gulp-concat-2-4-3-tgz https://registry.npmjs.org/gulp-concat/-/gulp-concat-2.4.3.tgz
271 silly lockFile 07935a45-gulp-concat-2-4-3 gulp-concat@2.4.3
272 silly lockFile 07935a45-gulp-concat-2-4-3 gulp-concat@2.4.3
273 silly lockFile d66f14f4-rg-gulp-sass-gulp-sass-0-7-3-tgz https://registry.npmjs.org/gulp-sass/-/gulp-sass-0.7.3.tgz
274 silly lockFile d66f14f4-rg-gulp-sass-gulp-sass-0-7-3-tgz https://registry.npmjs.org/gulp-sass/-/gulp-sass-0.7.3.tgz
275 silly lockFile bade1119-gulp-concat-2-2-0 gulp-concat@^2.2.0
276 silly lockFile bade1119-gulp-concat-2-2-0 gulp-concat@^2.2.0
277 silly lockFile 721f0c96-gulp-sass-0-7-3 gulp-sass@0.7.3
278 silly lockFile 721f0c96-gulp-sass-0-7-3 gulp-sass@0.7.3
279 silly lockFile 77100620-gulp-sass-0-7-1 gulp-sass@^0.7.1
280 silly lockFile 77100620-gulp-sass-0-7-1 gulp-sass@^0.7.1
281 http 200 https://registry.npmjs.org/gulp/-/gulp-3.8.10.tgz
282 silly lockFile b3287162-y-npmjs-org-gulp-gulp-3-8-10-tgz https://registry.npmjs.org/gulp/-/gulp-3.8.10.tgz
283 silly lockFile b3287162-y-npmjs-org-gulp-gulp-3-8-10-tgz https://registry.npmjs.org/gulp/-/gulp-3.8.10.tgz
284 silly lockFile f843d0d7-gulp-3-8-10 gulp@3.8.10
285 silly lockFile f843d0d7-gulp-3-8-10 gulp@3.8.10
286 silly lockFile 28ac0b1b-gulp-3-5-6 gulp@^3.5.6
287 silly lockFile 28ac0b1b-gulp-3-5-6 gulp@^3.5.6
288 http 200 https://registry.npmjs.org/gulp-util/-/gulp-util-2.2.20.tgz
289 silly lockFile 34166e88-g-gulp-util-gulp-util-2-2-20-tgz https://registry.npmjs.org/gulp-util/-/gulp-util-2.2.20.tgz
290 silly lockFile 34166e88-g-gulp-util-gulp-util-2-2-20-tgz https://registry.npmjs.org/gulp-util/-/gulp-util-2.2.20.tgz
291 silly lockFile 48c194cb-gulp-util-2-2-20 gulp-util@2.2.20
292 silly lockFile 48c194cb-gulp-util-2-2-20 gulp-util@2.2.20
293 silly lockFile e3e5f16b-gulp-util-2-2-14 gulp-util@^2.2.14
294 silly lockFile e3e5f16b-gulp-util-2-2-14 gulp-util@^2.2.14
295 http 200 https://registry.npmjs.org/bower
296 silly registry.get cb [ 200,
296 silly registry.get   { date: 'Sun, 01 Feb 2015 14:32:22 GMT',
296 silly registry.get     server: 'CouchDB/1.6.1 (Erlang OTP/R14B04)',
296 silly registry.get     etag: '"4RNWC51OOMVEKH3L663N286TF"',
296 silly registry.get     'content-type': 'application/json',
296 silly registry.get     'cache-control': 'max-age=60',
296 silly registry.get     'content-length': '106255',
296 silly registry.get     'accept-ranges': 'bytes',
296 silly registry.get     via: '1.1 varnish',
296 silly registry.get     age: '0',
296 silly registry.get     'x-served-by': 'cache-jfk1026-JFK',
296 silly registry.get     'x-cache': 'HIT',
296 silly registry.get     'x-cache-hits': '1',
296 silly registry.get     'x-timer': 'S1422801142.338801,VS0,VE354',
296 silly registry.get     vary: 'Accept',
296 silly registry.get     'keep-alive': 'timeout=10, max=49',
296 silly registry.get     connection: 'Keep-Alive' } ]
297 silly addNameRange number 2 { name: 'bower', range: '>=1.3.3-0 <2.0.0-0', hasData: true }
298 silly addNameRange versions [ 'bower',
298 silly addNameRange   [ '0.1.0',
298 silly addNameRange     '0.1.2',
298 silly addNameRange     '0.1.3',
298 silly addNameRange     '0.2.0',
298 silly addNameRange     '0.3.0',
298 silly addNameRange     '0.3.1',
298 silly addNameRange     '0.3.2',
298 silly addNameRange     '0.4.0',
298 silly addNameRange     '0.5.0',
298 silly addNameRange     '0.5.1',
298 silly addNameRange     '0.6.0',
298 silly addNameRange     '0.6.1',
298 silly addNameRange     '0.6.2',
298 silly addNameRange     '0.6.3',
298 silly addNameRange     '0.6.4',
298 silly addNameRange     '0.6.5',
298 silly addNameRange     '0.6.6',
298 silly addNameRange     '0.6.7',
298 silly addNameRange     '0.6.8',
298 silly addNameRange     '0.7.0',
298 silly addNameRange     '0.7.1',
298 silly addNameRange     '0.8.0',
298 silly addNameRange     '0.8.1',
298 silly addNameRange     '0.8.2',
298 silly addNameRange     '0.8.3',
298 silly addNameRange     '0.8.4',
298 silly addNameRange     '0.8.5',
298 silly addNameRange     '0.8.6',
298 silly addNameRange     '0.9.0',
298 silly addNameRange     '0.9.1',
298 silly addNameRange     '0.9.2',
298 silly addNameRange     '0.10.0',
298 silly addNameRange     '1.0.0',
298 silly addNameRange     '1.0.1',
298 silly addNameRange     '1.0.2',
298 silly addNameRange     '1.0.3',
298 silly addNameRange     '1.1.0',
298 silly addNameRange     '1.1.1',
298 silly addNameRange     '1.1.2',
298 silly addNameRange     '1.2.0',
298 silly addNameRange     '1.2.1',
298 silly addNameRange     '1.2.2',
298 silly addNameRange     '1.2.3',
298 silly addNameRange     '1.2.4',
298 silly addNameRange     '1.2.5',
298 silly addNameRange     '1.2.6',
298 silly addNameRange     '1.2.7',
298 silly addNameRange     '1.2.8',
298 silly addNameRange     '1.3.0',
298 silly addNameRange     '1.3.1',
298 silly addNameRange     '1.3.2',
298 silly addNameRange     '1.3.3',
298 silly addNameRange     '1.3.4',
298 silly addNameRange     '1.3.5',
298 silly addNameRange     '1.3.6',
298 silly addNameRange     '1.3.7',
298 silly addNameRange     '1.3.8',
298 silly addNameRange     '1.3.9',
298 silly addNameRange     '1.3.10',
298 silly addNameRange     '1.3.11',
298 silly addNameRange     '1.3.12' ] ]
299 verbose addNamed [ 'bower', '1.3.12' ]
300 verbose addNamed [ '1.3.12', '1.3.12' ]
301 silly lockFile 9819431c-bower-1-3-12 bower@1.3.12
302 verbose lock bower@1.3.12 /Users/jdemarks/.npm/9819431c-bower-1-3-12.lock
303 silly lockFile b05fd70b-npmjs-org-bower-bower-1-3-12-tgz https://registry.npmjs.org/bower/-/bower-1.3.12.tgz
304 verbose lock https://registry.npmjs.org/bower/-/bower-1.3.12.tgz /Users/jdemarks/.npm/b05fd70b-npmjs-org-bower-bower-1-3-12-tgz.lock
305 verbose addRemoteTarball [ 'https://registry.npmjs.org/bower/-/bower-1.3.12.tgz',
305 verbose addRemoteTarball   '37de0edb3904baf90aee13384a1a379a05ee214c' ]
306 info retry fetch attempt 1 at 09:32:23
307 verbose fetch to= /var/folders/_b/jp06rt2s3yq0_c9rzgxzlfz40000gp/T/npm-14812-Y6azx_Tg/registry.npmjs.org/bower/-/bower-1.3.12.tgz
308 http GET https://registry.npmjs.org/bower/-/bower-1.3.12.tgz
309 http 200 https://registry.npmjs.org/bower/-/bower-1.3.12.tgz
310 silly lockFile b05fd70b-npmjs-org-bower-bower-1-3-12-tgz https://registry.npmjs.org/bower/-/bower-1.3.12.tgz
311 silly lockFile b05fd70b-npmjs-org-bower-bower-1-3-12-tgz https://registry.npmjs.org/bower/-/bower-1.3.12.tgz
312 silly lockFile 9819431c-bower-1-3-12 bower@1.3.12
313 silly lockFile 9819431c-bower-1-3-12 bower@1.3.12
314 silly lockFile 0aa5c27e-bower-1-3-3 bower@^1.3.3
315 silly lockFile 0aa5c27e-bower-1-3-3 bower@^1.3.3
316 error Error: EACCES, mkdir '/Users/jdemarks/.npm/gulp/3.8.10'
316 error  { [Error: EACCES, mkdir '/Users/jdemarks/.npm/gulp/3.8.10']
316 error   errno: 3,
316 error   code: 'EACCES',
316 error   path: '/Users/jdemarks/.npm/gulp/3.8.10',
316 error   parent: 'ambitv-web' }
317 error Please try running this command again as root/Administrator.
318 error System Darwin 14.1.0
319 error command "node" "/usr/local/bin/npm" "install"
320 error cwd /Users/jdemarks/ambitv-web
321 error node -v v0.10.36
322 error npm -v 1.4.28
323 error path /Users/jdemarks/.npm/gulp/3.8.10
324 error code EACCES
325 error errno 3
326 error stack Error: EACCES, mkdir '/Users/jdemarks/.npm/gulp/3.8.10'
327 verbose exit [ 3, true ]
